WARNING 2018-07-28 10:18:53,998 base 152 Not Found: /image_codes/5c870583-e74b-4b4b-a79c-c05ed5f74238/
WARNING 2018-07-28 10:18:54,009 basehttp 124 "GET /image_codes/5c870583-e74b-4b4b-a79c-c05ed5f74238/ HTTP/1.1" 404 2076
WARNING 2018-07-28 10:18:56,678 base 152 Not Found: /image_codes/8aefa418-7087-4367-8d33-12c419620104/
WARNING 2018-07-28 10:18:56,688 basehttp 124 "GET /image_codes/8aefa418-7087-4367-8d33-12c419620104/ HTTP/1.1" 404 2076
INFO 2018-07-28 10:25:43,230 basehttp 124 "GET /image_codes/2eab46d4-259b-4d7d-ac9e-4dbd3b200aa2/ HTTP/1.1" 200 3320
INFO 2018-07-28 10:25:43,438 basehttp 124 "GET /image_codes/7eca853f-2c1e-44ce-b8af-2379d3f2c971/ HTTP/1.1" 200 3408
INFO 2018-07-28 10:25:44,442 basehttp 124 "GET /image_codes/f4b3c087-2746-4fa8-9fdd-7e568d7ff114/ HTTP/1.1" 200 3147
INFO 2018-07-28 10:25:44,846 basehttp 124 "GET /image_codes/811a65a7-1f2b-48b4-82da-4869865c180e/ HTTP/1.1" 200 3388
INFO 2018-07-28 10:25:45,259 basehttp 124 "GET /image_codes/c792e9c6-417f-4293-a961-8adec7f529f8/ HTTP/1.1" 200 2836
INFO 2018-07-28 10:25:45,847 basehttp 124 "GET /image_codes/120fcb47-a659-4a7c-abeb-38df26149c71/ HTTP/1.1" 200 3086
INFO 2018-07-28 10:25:46,233 basehttp 124 "GET /image_codes/25902902-5995-4e95-91a9-819c85d3f6d5/ HTTP/1.1" 200 3112
INFO 2018-07-28 10:32:59,910 basehttp 124 "GET /image_codes/18da3966-433d-41f6-9ffa-16df65ea62eb/ HTTP/1.1" 200 3579
INFO 2018-07-28 10:33:00,411 basehttp 124 "GET /image_codes/2ea21bf7-5709-433c-b753-071f6cbe4f4f/ HTTP/1.1" 200 3291
INFO 2018-07-28 10:33:00,863 basehttp 124 "GET /image_codes/13b6a44a-8c8c-43c4-ba94-a641fd30bb2b/ HTTP/1.1" 200 3127
INFO 2018-07-28 11:34:15,196 basehttp 124 "GET /image_codes/86781f6c-1dfc-4505-84cb-d163937d8fca/ HTTP/1.1" 200 3347
INFO 2018-07-28 11:34:21,342 basehttp 124 "GET /image_codes/2e017a33-740b-427d-981a-1ca46afa420f/ HTTP/1.1" 200 3101
INFO 2018-07-28 11:34:41,116 basehttp 124 "GET /image_codes/e513f7df-d4a5-44dd-8372-7ab49d7905aa/ HTTP/1.1" 200 3144
INFO 2018-07-28 11:37:04,308 basehttp 124 "GET /image_codes/eddc4ef5-c0a1-4e38-a5b9-e5bda13c11ee/ HTTP/1.1" 200 3723
INFO 2018-07-28 11:37:06,903 basehttp 124 "GET /image_codes/11c0ed60-7947-4dc9-865e-28aa8a48ab65/ HTTP/1.1" 200 3228
INFO 2018-07-28 11:44:57,760 basehttp 124 "GET /image_codes/306df752-4bae-4deb-a875-3195b30382e9/ HTTP/1.1" 200 3307
INFO 2018-07-28 12:26:06,359 basehttp 124 "GET /image_codes/9c3ea29c-95d2-44b3-b4c7-1187cad44748/ HTTP/1.1" 200 3031
INFO 2018-07-28 12:26:09,425 basehttp 124 "GET /image_codes/f3640022-eb43-408a-891c-1b2b4736913e/ HTTP/1.1" 200 3227
INFO 2018-07-28 12:27:23,711 basehttp 124 "GET /image_codes/0606a9d9-2e93-4eaf-9c0e-44c97538760b/ HTTP/1.1" 200 3108
INFO 2018-07-28 12:29:14,805 basehttp 124 "GET /image_codes/79224cb7-cbef-444b-8363-e4f12998575b/ HTTP/1.1" 200 3225
WARNING 2018-07-28 12:29:20,430 base 152 Not Found: /usernames/12345678/count/
WARNING 2018-07-28 12:29:20,437 basehttp 124 "GET /usernames/12345678/count/ HTTP/1.1" 404 2369
WARNING 2018-07-28 12:29:30,498 base 152 Not Found: /mobiles/18702529877/count/
WARNING 2018-07-28 12:29:30,517 basehttp 124 "GET /mobiles/18702529877/count/ HTTP/1.1" 404 2372
WARNING 2018-07-28 12:30:13,957 base 152 Not Found: /usernames/12345678/count/
WARNING 2018-07-28 12:30:13,974 basehttp 124 "GET /usernames/12345678/count/ HTTP/1.1" 404 2369
WARNING 2018-07-28 12:30:14,176 base 152 Not Found: /favicon.ico
WARNING 2018-07-28 12:30:14,188 basehttp 124 "GET /favicon.ico HTTP/1.1" 404 2327
ERROR 2018-07-28 12:42:06,766 exception 80 Invalid HTTP_HOST header: 'api.meiduo.com:8000'. You may need to add 'api.meiduo.com' to ALLOWED_HOSTS.
WARNING 2018-07-28 12:42:07,089 basehttp 124 "GET /image_codes/407d7a52-13fb-4eba-9173-44e232bf5a64/ HTTP/1.1" 400 72897
ERROR 2018-07-28 12:45:37,059 exception 80 Invalid HTTP_HOST header: 'api.meiduo.site:8000'. You may need to add 'api.meiduo.site' to ALLOWED_HOSTS.
ERROR 2018-07-28 12:45:55,998 exception 80 Invalid HTTP_HOST header: 'api.meiduo.site:8000'. You may need to add 'api.meiduo.site' to ALLOWED_HOSTS.
WARNING 2018-07-28 12:45:56,299 basehttp 124 "GET /image_codes/4434a983-66f0-41dc-8d6e-a4f725157de1/ HTTP/1.1" 400 73084
ERROR 2018-07-28 12:46:00,219 exception 80 Invalid HTTP_HOST header: 'api.meiduo.site:8000'. You may need to add 'api.meiduo.site' to ALLOWED_HOSTS.
WARNING 2018-07-28 12:46:00,341 basehttp 124 "GET /image_codes/4434a983-66f0-41dc-8d6e-a4f725157de1/ HTTP/1.1" 400 73084
ERROR 2018-07-28 12:46:04,066 exception 80 Invalid HTTP_HOST header: 'api.meiduo.site:8000'. You may need to add 'api.meiduo.site' to ALLOWED_HOSTS.
WARNING 2018-07-28 12:46:04,187 basehttp 124 "GET /image_codes/4a367f68-982a-40e2-96c3-eda46d6fd7ce/ HTTP/1.1" 400 73239
ERROR 2018-07-28 12:46:05,320 exception 80 Invalid HTTP_HOST header: 'api.meiduo.site:8000'. You may need to add 'api.meiduo.site' to ALLOWED_HOSTS.
WARNING 2018-07-28 12:46:05,361 basehttp 124 "GET /image_codes/273958cb-b698-4448-9f89-aa6f2336d66c/ HTTP/1.1" 400 73239
ERROR 2018-07-28 12:46:05,897 exception 80 Invalid HTTP_HOST header: 'api.meiduo.site:8000'. You may need to add 'api.meiduo.site' to ALLOWED_HOSTS.
WARNING 2018-07-28 12:46:05,940 basehttp 124 "GET /image_codes/7c0a3f2f-81d0-4615-96db-b83f49bbbd25/ HTTP/1.1" 400 73239
ERROR 2018-07-28 12:46:06,313 exception 80 Invalid HTTP_HOST header: 'api.meiduo.site:8000'. You may need to add 'api.meiduo.site' to ALLOWED_HOSTS.
WARNING 2018-07-28 12:46:06,357 basehttp 124 "GET /image_codes/5adf2b27-1646-4bca-b441-043d78c9ced4/ HTTP/1.1" 400 73239
INFO 2018-07-28 12:46:45,056 basehttp 124 "GET /image_codes/d13518e7-14de-4acb-bbbd-609bf614986e/ HTTP/1.1" 200 3240
INFO 2018-07-28 12:46:47,448 basehttp 124 "GET /image_codes/07791e35-5810-4ad0-9425-716b7a5ca83d/ HTTP/1.1" 200 2807
INFO 2018-07-28 12:46:47,906 basehttp 124 "GET /image_codes/51bec627-f6c5-44fa-b38b-e6f1689d9131/ HTTP/1.1" 200 2927
INFO 2018-07-28 12:46:48,215 basehttp 124 "GET /image_codes/dc1ea93a-07c0-4af8-b5c3-a3e59c8b3b11/ HTTP/1.1" 200 3292
WARNING 2018-07-28 12:47:04,102 base 152 Not Found: /usernames/123456789/count/
WARNING 2018-07-28 12:47:04,109 basehttp 124 "GET /usernames/123456789/count/ HTTP/1.1" 404 2378
WARNING 2018-07-28 12:47:14,171 base 152 Not Found: /mobiles/18702529877/count/
WARNING 2018-07-28 12:47:14,187 basehttp 124 "GET /mobiles/18702529877/count/ HTTP/1.1" 404 2378
INFO 2018-07-28 12:48:56,505 basehttp 124 "GET /image_codes/e1adc48c-8356-4f8a-960b-737150d961a5/ HTTP/1.1" 200 3207
WARNING 2018-07-28 12:49:01,853 base 152 Not Found: /usernames/12345678/count/
WARNING 2018-07-28 12:49:01,880 basehttp 124 "GET /usernames/12345678/count/ HTTP/1.1" 404 2375
WARNING 2018-07-28 12:49:12,754 base 152 Not Found: /mobiles/18702529877/count/
WARNING 2018-07-28 12:49:12,778 basehttp 124 "GET /mobiles/18702529877/count/ HTTP/1.1" 404 2378
INFO 2018-07-28 14:24:18,021 basehttp 124 "GET /image_codes/f6762c5f-ec59-4746-8dcd-77d4cb56d3e7/ HTTP/1.1" 200 3112
WARNING 2018-07-28 14:24:38,457 base 152 Not Found: /
WARNING 2018-07-28 14:24:38,473 basehttp 124 "GET / HTTP/1.1" 404 2282
WARNING 2018-07-28 14:24:38,530 base 152 Not Found: /favicon.ico
WARNING 2018-07-28 14:24:38,546 basehttp 124 "GET /favicon.ico HTTP/1.1" 404 2333
INFO 2018-07-28 14:25:08,605 basehttp 124 "GET /image_codes/9807ce64-0298-4857-893e-a90eabe5428d/ HTTP/1.1" 200 3505
INFO 2018-07-28 14:25:10,721 basehttp 124 "GET /image_codes/07f204e9-f22a-4b0f-9300-389c0aa8603d/ HTTP/1.1" 200 3160
INFO 2018-07-28 14:25:11,176 basehttp 124 "GET /image_codes/72c17241-ecd3-40fc-86a3-0b9acea96d90/ HTTP/1.1" 200 3118
INFO 2018-07-28 14:25:11,646 basehttp 124 "GET /image_codes/434f7099-97fb-4e61-a060-b8ade8a3742d/ HTTP/1.1" 200 3400
WARNING 2018-07-28 14:33:21,093 base 152 Not Found: /image_code/80f8457f-646d-49a7-ab84-62aa2177827b/
WARNING 2018-07-28 14:33:21,117 basehttp 124 "GET /image_code/80f8457f-646d-49a7-ab84-62aa2177827b/ HTTP/1.1" 404 2438
WARNING 2018-07-28 14:33:31,816 base 152 Not Found: /image_code/abf89792-fb3c-4032-b305-d010de4a930b/
WARNING 2018-07-28 14:33:31,831 basehttp 124 "GET /image_code/abf89792-fb3c-4032-b305-d010de4a930b/ HTTP/1.1" 404 2438
WARNING 2018-07-28 14:35:21,666 base 152 Not Found: /image_code/a20d6ae0-bd92-4190-bb89-f5de8b1a7cc8/
WARNING 2018-07-28 14:35:21,685 basehttp 124 "GET /image_code/a20d6ae0-bd92-4190-bb89-f5de8b1a7cc8/ HTTP/1.1" 404 2444
WARNING 2018-07-28 14:35:56,724 base 152 Not Found: /image_code/a20d6ae0-bd92-4190-bb89-f5de8b1a7cc8/
WARNING 2018-07-28 14:35:56,736 basehttp 124 "GET /image_code/a20d6ae0-bd92-4190-bb89-f5de8b1a7cc8/ HTTP/1.1" 404 2444
WARNING 2018-07-28 14:35:56,877 base 152 Not Found: /favicon.ico
WARNING 2018-07-28 14:35:56,881 basehttp 124 "GET /favicon.ico HTTP/1.1" 404 2333
INFO 2018-07-28 14:39:35,207 basehttp 124 "GET /image_codes/96b31fbc-49aa-4d02-84e1-defb8e3e3015/ HTTP/1.1" 200 3119
WARNING 2018-07-28 14:39:39,073 base 152 Not Found: /image_code/a20d6ae0-bd92-4190-bb89-f5de8b1a7cc8/
WARNING 2018-07-28 14:39:39,092 basehttp 124 "GET /image_code/a20d6ae0-bd92-4190-bb89-f5de8b1a7cc8/ HTTP/1.1" 404 2444
WARNING 2018-07-28 14:39:41,878 base 152 Not Found: /image_code/a20d6ae0-bd92-4190-bb89-f5de8b1a7cc8/
WARNING 2018-07-28 14:39:41,884 basehttp 124 "GET /image_code/a20d6ae0-bd92-4190-bb89-f5de8b1a7cc8/ HTTP/1.1" 404 2444
INFO 2018-07-28 14:39:45,149 basehttp 124 "GET /image_codes/0af3e0f6-1efd-4d54-a726-1607330cfc7a/ HTTP/1.1" 200 2993
INFO 2018-07-28 14:39:45,653 basehttp 124 "GET /image_codes/1b7d91ce-e041-4c09-869d-b365c532f133/ HTTP/1.1" 200 3422
INFO 2018-07-28 14:39:46,232 basehttp 124 "GET /image_codes/b2edca27-f5e3-42ab-9b80-b4dd42f2bb31/ HTTP/1.1" 200 3274
INFO 2018-07-28 14:56:22,662 basehttp 124 "GET /image_codes/35ef9749-b89f-48b6-8d83-abaa91de9641/ HTTP/1.1" 200 2927
INFO 2018-07-28 14:56:25,744 basehttp 124 "GET /image_codes/52858f38-3026-4e75-a50a-1f090778f67c/ HTTP/1.1" 200 2962
INFO 2018-07-28 14:56:27,678 basehttp 124 "GET /image_codes/ee0699c7-d8c3-423e-90e7-48fa11deb319/ HTTP/1.1" 200 2944
INFO 2018-07-28 14:56:29,845 basehttp 124 "GET /image_codes/2cb50eb8-6bc2-4f2f-bfe2-d80901c32276/ HTTP/1.1" 200 3003
INFO 2018-07-28 14:56:31,169 basehttp 124 "GET /image_codes/34088720-3825-413f-991a-df3c05f703a5/ HTTP/1.1" 200 3500
INFO 2018-07-28 14:59:59,568 basehttp 124 "GET /image_codes/c7480685-f814-4efd-ac65-73e4e0af9057/ HTTP/1.1" 200 3331
WARNING 2018-07-28 15:00:59,708 base 152 Not Found: /sms_code/18702529877/
WARNING 2018-07-28 15:00:59,718 basehttp 124 "GET /sms_code/18702529877/?image_code=cgsv&image_code_id=c7480685-f814-4efd-ac65-73e4e0af9057 HTTP/1.1" 404 2434
INFO 2018-07-28 15:09:12,248 basehttp 124 "GET /image_codes/bbf29646-5ac5-4b49-985c-6440ea5d6a50/ HTTP/1.1" 200 3417
INFO 2018-07-28 15:09:16,707 basehttp 124 "GET /image_codes/0dfa6cfd-41bf-4cda-8b1b-1991123a1a5b/ HTTP/1.1" 200 3014
WARNING 2018-07-28 15:09:44,875 base 152 Not Found: /sms_code/18702529877/
WARNING 2018-07-28 15:09:44,878 basehttp 124 "GET /sms_code/18702529877/?image_code=vcuw&image_code_id=0dfa6cfd-41bf-4cda-8b1b-1991123a1a5b HTTP/1.1" 404 2434
WARNING 2018-07-28 15:09:46,453 base 152 Not Found: /sms_code/18702529877/
WARNING 2018-07-28 15:09:46,457 basehttp 124 "GET /sms_code/18702529877/?image_code=vcuw&image_code_id=0dfa6cfd-41bf-4cda-8b1b-1991123a1a5b HTTP/1.1" 404 2434
WARNING 2018-07-28 15:09:55,219 base 152 Not Found: /sms_code/18702529877/
WARNING 2018-07-28 15:09:55,225 basehttp 124 "GET /sms_code/18702529877/?image_code=vcuw&image_code_id=0dfa6cfd-41bf-4cda-8b1b-1991123a1a5b HTTP/1.1" 404 2434
INFO 2018-07-28 15:10:25,703 basehttp 124 "GET /image_codes/12a60057-2549-427e-bde9-641456fb57a1/ HTTP/1.1" 200 3002
INFO 2018-07-28 15:11:11,935 basehttp 124 "GET /image_codes/94d92506-9a45-47e6-a50e-4799d160e011/ HTTP/1.1" 200 3710
INFO 2018-07-28 15:11:45,576 basehttp 124 "GET /image_codes/5cc53b62-d954-4c1a-ad0a-55e9c87fdf40/ HTTP/1.1" 200 2869
INFO 2018-07-28 15:12:04,275 basehttp 124 "GET /image_codes/f2f8dca7-05d2-4988-937b-f52a486e1e23/ HTTP/1.1" 200 3383
WARNING 2018-07-28 15:12:45,407 base 152 Not Found: /sms_codes/18702529877/
WARNING 2018-07-28 15:12:45,416 basehttp 124 "GET /sms_codes/18702529877/?image_code=DHXM&image_code_id=f2f8dca7-05d2-4988-937b-f52a486e1e23 HTTP/1.1" 404 2437
WARNING 2018-07-28 15:13:04,348 base 152 Not Found: /sms_codes/18702529877/
WARNING 2018-07-28 15:13:04,355 basehttp 124 "GET /sms_codes/18702529877/?image_code=DHXM&image_code_id=f2f8dca7-05d2-4988-937b-f52a486e1e23 HTTP/1.1" 404 2437
WARNING 2018-07-28 15:17:32,919 base 152 Not Found: /sms_codes/18702529877/
WARNING 2018-07-28 15:17:32,930 basehttp 124 "GET /sms_codes/18702529877/?image_code=DHXM&image_code_id=f2f8dca7-05d2-4988-937b-f52a486e1e23 HTTP/1.1" 404 2437
WARNING 2018-07-28 15:17:39,283 base 152 Not Found: /sms_codes/18702529877/
WARNING 2018-07-28 15:17:39,291 basehttp 124 "GET /sms_codes/18702529877/?image_code=DHXM&image_code_id=f2f8dca7-05d2-4988-937b-f52a486e1e23 HTTP/1.1" 404 2437
WARNING 2018-07-28 15:18:49,487 base 152 Not Found: /sms_codes/18702529877/
WARNING 2018-07-28 15:18:49,497 basehttp 124 "GET /sms_codes/18702529877/?image_code=DHXM&image_code_id=f2f8dca7-05d2-4988-937b-f52a486e1e23 HTTP/1.1" 404 2437
INFO 2018-07-28 15:18:55,115 basehttp 124 "GET /image_codes/bea38ca4-4911-4814-a669-f39670dcc6a9/ HTTP/1.1" 200 3365
WARNING 2018-07-28 15:19:24,430 base 152 Not Found: /sms_codes/18702529877/
WARNING 2018-07-28 15:19:24,443 basehttp 124 "GET /sms_codes/18702529877/?image_code=T5QQ&image_code_id=bea38ca4-4911-4814-a669-f39670dcc6a9 HTTP/1.1" 404 2437
INFO 2018-07-28 15:20:24,757 basehttp 124 "GET /image_codes/01884387-a4e4-4a7d-9fab-ef6d5b6ba2ab/ HTTP/1.1" 200 3310
WARNING 2018-07-28 15:21:01,035 base 152 Not Found: /sms_codes/18702529877/
WARNING 2018-07-28 15:21:01,044 basehttp 124 "GET /sms_codes/18702529877/?image_code=ymam&image_code_id=01884387-a4e4-4a7d-9fab-ef6d5b6ba2ab HTTP/1.1" 404 2437
INFO 2018-07-28 15:22:28,846 basehttp 124 "GET /image_codes/503003a1-c21c-48b9-91b8-6178d0d48f52/ HTTP/1.1" 200 2983
INFO 2018-07-28 15:22:58,697 basehttp 124 "GET /image_codes/c510a3f5-4890-432f-86f2-d0463ed7e355/ HTTP/1.1" 200 2748
WARNING 2018-07-28 15:23:09,661 base 152 Not Found: /sms_codes/18702529877/
WARNING 2018-07-28 15:23:09,672 basehttp 124 "GET /sms_codes/18702529877/?image_code=6mfq&image_code_id=c510a3f5-4890-432f-86f2-d0463ed7e355 HTTP/1.1" 404 2437
INFO 2018-07-28 15:23:30,797 basehttp 124 "GET /image_codes/0eb9ebad-9c08-41ce-9591-3fd08b4c887b/ HTTP/1.1" 200 3192
WARNING 2018-07-28 15:23:46,067 base 152 Not Found: /sms_codes/18702529877/
WARNING 2018-07-28 15:23:46,082 basehttp 124 "GET /sms_codes/18702529877/?image_code=6mfq&image_code_id=0eb9ebad-9c08-41ce-9591-3fd08b4c887b HTTP/1.1" 404 2437
ERROR 2018-07-28 15:25:04,238 exception 135 Internal Server Error: /sms_codes/18702529877/
Traceback (most recent call last):
  File "/home/python/.virtualenvs/py3_Django/lib/python3.5/site-packages/django/core/handlers/exception.py", line 41, in inner
    response = get_response(request)
  File "/home/python/.virtualenvs/py3_Django/lib/python3.5/site-packages/django/core/handlers/base.py", line 187, in _get_response
    response = self.process_exception_by_middleware(e, request)
  File "/home/python/.virtualenvs/py3_Django/lib/python3.5/site-packages/django/core/handlers/base.py", line 185, in _get_response
    response = wrapped_callback(request, *callback_args, **callback_kwargs)
  File "/home/python/.virtualenvs/py3_Django/lib/python3.5/site-packages/django/views/decorators/csrf.py", line 58, in wrapped_view
    return view_func(*args, **kwargs)
  File "/home/python/.virtualenvs/py3_Django/lib/python3.5/site-packages/django/views/generic/base.py", line 68, in view
    return self.dispatch(request, *args, **kwargs)
  File "/home/python/.virtualenvs/py3_Django/lib/python3.5/site-packages/rest_framework/views.py", line 483, in dispatch
    response = self.handle_exception(exc)
  File "/home/python/.virtualenvs/py3_Django/lib/python3.5/site-packages/rest_framework/views.py", line 443, in handle_exception
    self.raise_uncaught_exception(exc)
  File "/home/python/.virtualenvs/py3_Django/lib/python3.5/site-packages/rest_framework/views.py", line 480, in dispatch
    response = handler(request, *args, **kwargs)
  File "/home/python/Desktop/meiduo/meiduo/meiduo/apps/verifications/views.py", line 41, in get
    serializer.is_valid(reise_exception =True)
TypeError: is_valid() got an unexpected keyword argument 'reise_exception'
ERROR 2018-07-28 15:25:04,379 basehttp 124 "GET /sms_codes/18702529877/?image_code=6mfq&image_code_id=0eb9ebad-9c08-41ce-9591-3fd08b4c887b HTTP/1.1" 500 19459
INFO 2018-07-28 15:26:26,851 basehttp 124 "GET /image_codes/57d567af-dc11-4a7f-993a-6cf89209ff5c/ HTTP/1.1" 200 3351
WARNING 2018-07-28 15:27:17,989 basehttp 124 "GET /sms_codes/18702529877/?image_code=frlz&image_code_id=57d567af-dc11-4a7f-993a-6cf89209ff5c HTTP/1.1" 400 46
INFO 2018-07-28 15:27:27,585 basehttp 124 "GET /image_codes/91d50af4-dc80-4bd8-b511-81a7d0caa7cc/ HTTP/1.1" 200 3523
WARNING 2018-07-28 15:27:35,570 basehttp 124 "GET /sms_codes/18702529877/?image_code=mmwj&image_code_id=91d50af4-dc80-4bd8-b511-81a7d0caa7cc HTTP/1.1" 400 46
WARNING 2018-07-28 15:28:00,904 basehttp 124 "GET /sms_codes/18702529877/?image_code=mmwj&image_code_id=91d50af4-dc80-4bd8-b511-81a7d0caa7cc HTTP/1.1" 400 46
WARNING 2018-07-28 15:28:14,798 basehttp 124 "GET /sms_codes/18702529877/?image_code=frlz&image_code_id=57d567af-dc11-4a7f-993a-6cf89209ff5c HTTP/1.1" 400 5607
INFO 2018-07-28 15:28:14,855 basehttp 124 "GET /static/rest_framework/css/bootstrap-tweaks.css HTTP/1.1" 200 3385
INFO 2018-07-28 15:28:14,868 basehttp 124 "GET /static/rest_framework/css/bootstrap.min.css HTTP/1.1" 200 121200
INFO 2018-07-28 15:28:14,893 basehttp 124 "GET /static/rest_framework/css/prettify.css HTTP/1.1" 200 817
INFO 2018-07-28 15:28:14,923 basehttp 124 "GET /static/rest_framework/css/default.css HTTP/1.1" 200 1131
INFO 2018-07-28 15:28:14,928 basehttp 124 "GET /static/rest_framework/js/jquery-3.3.1.min.js HTTP/1.1" 200 86927
INFO 2018-07-28 15:28:14,933 basehttp 124 "GET /static/rest_framework/js/csrf.js HTTP/1.1" 200 1735
INFO 2018-07-28 15:28:14,934 basehttp 124 "GET /static/rest_framework/js/ajax-form.js HTTP/1.1" 200 3597
INFO 2018-07-28 15:28:14,977 basehttp 124 "GET /static/rest_framework/js/bootstrap.min.js HTTP/1.1" 200 37045
INFO 2018-07-28 15:28:15,006 basehttp 124 "GET /static/rest_framework/js/prettify-min.js HTTP/1.1" 200 13632
INFO 2018-07-28 15:28:15,006 basehttp 124 "GET /static/rest_framework/js/default.js HTTP/1.1" 200 1262
INFO 2018-07-28 15:28:15,109 basehttp 124 "GET /static/rest_framework/img/grid.png HTTP/1.1" 200 1458
INFO 2018-07-28 15:28:24,571 basehttp 124 "GET /image_codes/5ed9710a-6377-473d-90d3-524a85290c2a/ HTTP/1.1" 200 3183
WARNING 2018-07-28 15:28:32,611 basehttp 124 "GET /sms_codes/18702529877/?image_code=n7j3&image_code_id=5ed9710a-6377-473d-90d3-524a85290c2a HTTP/1.1" 400 46
INFO 2018-07-28 15:28:39,322 basehttp 124 "GET /image_codes/c2131676-892e-4f30-b307-015cf80d069b/ HTTP/1.1" 200 2986
WARNING 2018-07-28 15:29:27,069 basehttp 124 "GET /sms_codes/18702529877/?image_code=vzym&image_code_id=c2131676-892e-4f30-b307-015cf80d069b HTTP/1.1" 400 46
WARNING 2018-07-28 15:30:14,863 basehttp 124 "GET /sms_codes/18702529877/?image_code=vzym&image_code_id=c2131676-892e-4f30-b307-015cf80d069b HTTP/1.1" 400 46
WARNING 2018-07-28 15:30:22,401 basehttp 124 "GET /sms_codes/18702529877/?image_code=vzym&image_code_id=c2131676-892e-4f30-b307-015cf80d069b HTTP/1.1" 400 46
INFO 2018-07-28 15:30:49,599 basehttp 124 "GET /image_codes/58a56098-3542-4ddb-91aa-477c2b2ebe67/ HTTP/1.1" 200 3305
WARNING 2018-07-28 15:30:57,636 basehttp 124 "GET /sms_codes/18702529877/?image_code=cyxz&image_code_id=58a56098-3542-4ddb-91aa-477c2b2ebe67 HTTP/1.1" 400 46
INFO 2018-07-28 15:31:34,968 basehttp 124 "GET /image_codes/ecae4a1b-3752-489d-9640-82b53c752987/ HTTP/1.1" 200 3280
WARNING 2018-07-28 15:32:09,167 basehttp 124 "GET /sms_codes/18702529877/?image_code=ahkp&image_code_id=ecae4a1b-3752-489d-9640-82b53c752987 HTTP/1.1" 400 46
INFO 2018-07-28 15:33:07,745 basehttp 124 "GET /image_codes/04d92a1c-625d-4248-b8bb-e82bfcfb381b/ HTTP/1.1" 200 3216
INFO 2018-07-28 15:34:23,189 basehttp 124 "GET /image_codes/30eab93e-3021-4b0e-998d-740d893403ad/ HTTP/1.1" 200 2870
INFO 2018-07-28 15:34:31,922 basehttp 124 "GET /image_codes/dff9fc84-16c7-4d32-8366-3d69080b58b4/ HTTP/1.1" 200 2884
INFO 2018-07-28 15:34:32,096 basehttp 124 "GET /image_codes/5664cad7-f1d7-4aa8-a22c-4cc55ff07858/ HTTP/1.1" 200 2945
INFO 2018-07-28 15:35:05,113 basehttp 124 "GET /image_codes/664c46b4-1fe7-466f-8659-38514f02ef52/ HTTP/1.1" 200 3167
INFO 2018-07-28 15:35:05,721 basehttp 124 "GET /image_codes/4d407ab3-42eb-4bdc-842d-438074100c6d/ HTTP/1.1" 200 2556
INFO 2018-07-28 15:35:19,234 basehttp 124 "GET /image_codes/bac669dd-0934-4b67-a424-6382b83f544a/ HTTP/1.1" 200 3514
INFO 2018-07-28 15:35:46,727 basehttp 124 "GET /sms_codes/18702529877/?image_code=k4vu&image_code_id=bac669dd-0934-4b67-a424-6382b83f544a HTTP/1.1" 200 16
WARNING 2018-07-28 15:39:37,478 basehttp 124 "GET /sms_codes/18702529877/?image_code=k4vu&image_code_id=bac669dd-0934-4b67-a424-6382b83f544a HTTP/1.1" 400 46
INFO 2018-07-28 15:39:41,138 basehttp 124 "GET /image_codes/8645c5c2-b097-4c3c-9d7c-06e48fde5ead/ HTTP/1.1" 200 3211
INFO 2018-07-28 15:39:58,342 basehttp 124 "GET /image_codes/36f63163-08d6-4da8-bcae-44e2500ecd77/ HTTP/1.1" 200 2964
INFO 2018-07-28 15:40:12,070 basehttp 124 "GET /sms_codes/18702529877/?image_code=h6jw&image_code_id=8645c5c2-b097-4c3c-9d7c-06e48fde5ead HTTP/1.1" 200 16
INFO 2018-07-28 15:43:28,370 basehttp 124 "GET /image_codes/0a00a740-244f-4176-8182-4259a7964e98/ HTTP/1.1" 200 3445
INFO 2018-07-28 15:43:37,134 basehttp 124 "GET /sms_codes/18702529877/?image_code=sipp&image_code_id=0a00a740-244f-4176-8182-4259a7964e98 HTTP/1.1" 200 16
INFO 2018-07-28 20:11:51,606 basehttp 124 "GET /image_codes/cc35f988-f208-4e5f-9468-8a226c827f0f/ HTTP/1.1" 200 3207
INFO 2018-07-28 20:11:53,424 basehttp 124 "GET /image_codes/c85c8f3f-76df-4f64-84ef-348b6d93d68f/ HTTP/1.1" 200 3242
INFO 2018-07-28 20:12:23,697 basehttp 124 "GET /sms_codes/18702529877/?image_code=ftdn&image_code_id=c85c8f3f-76df-4f64-84ef-348b6d93d68f HTTP/1.1" 200 16
WARNING 2018-07-28 20:15:37,591 basehttp 124 "GET /sms_codes/18702529877/?image_code=ftdn&image_code_id=c85c8f3f-76df-4f64-84ef-348b6d93d68f HTTP/1.1" 400 46
INFO 2018-07-28 20:15:39,269 basehttp 124 "GET /image_codes/f9f7369c-70d0-4590-a2c1-56ce04a946c6/ HTTP/1.1" 200 3222
INFO 2018-07-28 20:15:45,815 basehttp 124 "GET /sms_codes/18702529877/?image_code=fhva&image_code_id=f9f7369c-70d0-4590-a2c1-56ce04a946c6 HTTP/1.1" 200 16
INFO 2018-07-28 20:17:49,742 basehttp 124 "GET /image_codes/a53dd684-64e5-424a-aba8-8271133b5c6d/ HTTP/1.1" 200 3337
INFO 2018-07-28 20:17:55,917 basehttp 124 "GET /sms_codes/18702529877/?image_code=knzb&image_code_id=a53dd684-64e5-424a-aba8-8271133b5c6d HTTP/1.1" 200 16
WARNING 2018-07-28 20:56:12,882 base 152 Not Found: /usernames/python/count/
WARNING 2018-07-28 20:56:12,886 basehttp 124 "GET /usernames/python/count/ HTTP/1.1" 404 2746
INFO 2018-07-28 20:56:21,821 basehttp 124 "GET /image_codes/9b5862b6-5476-452d-bea0-184302047bd1/ HTTP/1.1" 200 3057
WARNING 2018-07-28 20:56:26,262 base 152 Not Found: /usernames/python/count/
WARNING 2018-07-28 20:56:26,265 basehttp 124 "GET /usernames/python/count/ HTTP/1.1" 404 2746
WARNING 2018-07-28 20:56:32,263 base 152 Not Found: /usernames/python/count/
WARNING 2018-07-28 20:56:32,268 basehttp 124 "GET /usernames/python/count/ HTTP/1.1" 404 2746
WARNING 2018-07-28 20:56:46,988 base 152 Not Found: /mobiles/18702529877/count/
WARNING 2018-07-28 20:56:46,993 basehttp 124 "GET /mobiles/18702529877/count/ HTTP/1.1" 404 2755
WARNING 2018-07-28 20:56:51,551 base 152 Not Found: /mobiles/18702529877/count/
WARNING 2018-07-28 20:56:51,560 basehttp 124 "GET /mobiles/18702529877/count/ HTTP/1.1" 404 2755
INFO 2018-07-28 20:56:51,619 basehttp 124 "GET /sms_codes/18702529877/?image_code=zqfv&image_code_id=9b5862b6-5476-452d-bea0-184302047bd1 HTTP/1.1" 200 16
WARNING 2018-07-28 20:56:58,077 base 152 Not Found: /usernames/python/count/
WARNING 2018-07-28 20:56:58,101 basehttp 124 "GET /usernames/python/count/ HTTP/1.1" 404 2746
WARNING 2018-07-28 20:56:58,099 base 152 Not Found: /mobiles/18702529877/count/
WARNING 2018-07-28 20:56:58,115 basehttp 124 "GET /mobiles/18702529877/count/ HTTP/1.1" 404 2755
WARNING 2018-07-28 20:57:04,280 base 152 Not Found: /usernames/python/count/
WARNING 2018-07-28 20:57:04,292 basehttp 124 "GET /usernames/python/count/ HTTP/1.1" 404 2746
WARNING 2018-07-28 20:57:04,283 base 152 Not Found: /mobiles/18702529877/count/
WARNING 2018-07-28 20:57:04,297 basehttp 124 "GET /mobiles/18702529877/count/ HTTP/1.1" 404 2755
WARNING 2018-07-28 20:57:07,299 base 152 Not Found: /usernames/python/count/
WARNING 2018-07-28 20:57:07,306 basehttp 124 "GET /usernames/python/count/ HTTP/1.1" 404 2746
WARNING 2018-07-28 20:57:07,305 base 152 Not Found: /mobiles/18702529877/count/
WARNING 2018-07-28 20:57:07,318 basehttp 124 "GET /mobiles/18702529877/count/ HTTP/1.1" 404 2755
WARNING 2018-07-28 20:57:08,726 base 152 Not Found: /usernames/python/count/
WARNING 2018-07-28 20:57:08,735 basehttp 124 "GET /usernames/python/count/ HTTP/1.1" 404 2746
WARNING 2018-07-28 20:57:08,732 base 152 Not Found: /mobiles/18702529877/count/
WARNING 2018-07-28 20:57:08,738 basehttp 124 "GET /mobiles/18702529877/count/ HTTP/1.1" 404 2755
WARNING 2018-07-28 20:57:09,016 base 152 Not Found: /usernames/python/count/
WARNING 2018-07-28 20:57:09,022 basehttp 124 "GET /usernames/python/count/ HTTP/1.1" 404 2746
WARNING 2018-07-28 20:57:09,020 base 152 Not Found: /mobiles/18702529877/count/
WARNING 2018-07-28 20:57:09,030 basehttp 124 "GET /mobiles/18702529877/count/ HTTP/1.1" 404 2755
WARNING 2018-07-28 20:57:09,280 base 152 Not Found: /usernames/python/count/
WARNING 2018-07-28 20:57:09,284 basehttp 124 "GET /usernames/python/count/ HTTP/1.1" 404 2746
WARNING 2018-07-28 20:57:09,284 base 152 Not Found: /mobiles/18702529877/count/
WARNING 2018-07-28 20:57:09,294 basehttp 124 "GET /mobiles/18702529877/count/ HTTP/1.1" 404 2755
INFO 2018-07-28 20:58:57,484 basehttp 124 "GET /image_codes/71cb2589-6a92-4c36-b198-3940d3aa00a2/ HTTP/1.1" 200 3576
INFO 2018-07-28 20:59:03,009 basehttp 124 "GET /usernames/python/count/ HTTP/1.1" 200 32
INFO 2018-07-28 20:59:13,017 basehttp 124 "GET /mobiles/18702529877/count/ HTTP/1.1" 200 34
INFO 2018-07-28 22:05:29,020 basehttp 124 "GET /image_codes/61b2e580-e854-4afa-b15d-d03b2776e932/ HTTP/1.1" 200 3240
INFO 2018-07-28 22:05:32,456 basehttp 124 "GET /image_codes/131ed096-5a5a-41aa-b510-b2305006a3b5/ HTTP/1.1" 200 3307
INFO 2018-07-28 22:05:37,797 basehttp 124 "GET /image_codes/09ecca20-e790-48e7-acfa-fb4fa83fe7b1/ HTTP/1.1" 200 2881
INFO 2018-07-28 22:06:04,294 basehttp 124 "GET /usernames/python/count/ HTTP/1.1" 200 32
INFO 2018-07-28 22:06:27,092 basehttp 124 "GET /mobiles/18702529877/count/ HTTP/1.1" 200 34
INFO 2018-07-28 22:06:32,957 basehttp 124 "GET /mobiles/18702529877/count/ HTTP/1.1" 200 34
INFO 2018-07-28 22:06:33,128 basehttp 124 "GET /sms_codes/18702529877/?image_code=d3gb&image_code_id=09ecca20-e790-48e7-acfa-fb4fa83fe7b1 HTTP/1.1" 200 16
INFO 2018-07-28 22:06:47,391 basehttp 124 "OPTIONS /users/ HTTP/1.1" 200 0
WARNING 2018-07-28 22:06:47,409 csrf 160 Forbidden (CSRF cookie not set.): /users/
INFO 2018-07-28 22:06:47,437 basehttp 124 "GET /usernames/python/count/ HTTP/1.1" 200 32
INFO 2018-07-28 22:06:47,483 basehttp 124 "GET /mobiles/18702529877/count/ HTTP/1.1" 200 34
WARNING 2018-07-28 22:06:47,495 basehttp 124 "POST /users/ HTTP/1.1" 403 2829
WARNING 2018-07-28 22:07:13,390 csrf 160 Forbidden (CSRF cookie not set.): /users/
INFO 2018-07-28 22:07:13,407 basehttp 124 "GET /usernames/python/count/ HTTP/1.1" 200 32
WARNING 2018-07-28 22:07:13,421 basehttp 124 "POST /users/ HTTP/1.1" 403 2829
INFO 2018-07-28 22:07:13,434 basehttp 124 "GET /mobiles/18702529877/count/ HTTP/1.1" 200 34
WARNING 2018-07-28 22:07:39,145 csrf 160 Forbidden (CSRF cookie not set.): /users/
INFO 2018-07-28 22:07:39,159 basehttp 124 "GET /usernames/python/count/ HTTP/1.1" 200 32
WARNING 2018-07-28 22:07:39,164 basehttp 124 "POST /users/ HTTP/1.1" 403 2829
INFO 2018-07-28 22:07:39,188 basehttp 124 "GET /mobiles/18702529877/count/ HTTP/1.1" 200 34
INFO 2018-07-28 22:12:03,488 basehttp 124 "GET /image_codes/268add84-6561-469d-9661-76a31df285c2/ HTTP/1.1" 200 3729
INFO 2018-07-28 22:12:08,665 basehttp 124 "GET /usernames/python/count/ HTTP/1.1" 200 32
INFO 2018-07-28 22:12:24,248 basehttp 124 "GET /image_codes/d6259b85-2618-43a9-82fd-09b24d5f8523/ HTTP/1.1" 200 3216
INFO 2018-07-28 22:13:09,778 basehttp 124 "GET /mobiles/18702529877/count/ HTTP/1.1" 200 34
INFO 2018-07-28 22:13:11,057 basehttp 124 "GET /image_codes/a9455c74-b9bf-471e-b6ba-a58cf9d497d1/ HTTP/1.1" 200 3343
INFO 2018-07-28 22:13:20,383 basehttp 124 "GET /mobiles/18702529877/count/ HTTP/1.1" 200 34
INFO 2018-07-28 22:13:20,441 basehttp 124 "GET /sms_codes/18702529877/?image_code=a8qc&image_code_id=a9455c74-b9bf-471e-b6ba-a58cf9d497d1 HTTP/1.1" 200 16
WARNING 2018-07-28 22:13:33,359 csrf 160 Forbidden (CSRF cookie not set.): /users/
INFO 2018-07-28 22:13:33,380 basehttp 124 "GET /usernames/python/count/ HTTP/1.1" 200 32
WARNING 2018-07-28 22:13:33,381 basehttp 124 "POST /users/ HTTP/1.1" 403 2829
INFO 2018-07-28 22:13:33,401 basehttp 124 "GET /mobiles/18702529877/count/ HTTP/1.1" 200 34
WARNING 2018-07-28 22:13:36,230 csrf 160 Forbidden (CSRF cookie not set.): /users/
INFO 2018-07-28 22:13:36,234 basehttp 124 "GET /usernames/python/count/ HTTP/1.1" 200 32
INFO 2018-07-28 22:13:36,255 basehttp 124 "GET /mobiles/18702529877/count/ HTTP/1.1" 200 34
WARNING 2018-07-28 22:13:36,260 basehttp 124 "POST /users/ HTTP/1.1" 403 2829
WARNING 2018-07-28 22:13:45,109 csrf 160 Forbidden (CSRF cookie not set.): /users/
INFO 2018-07-28 22:13:45,124 basehttp 124 "GET /usernames/python/count/ HTTP/1.1" 200 32
WARNING 2018-07-28 22:13:45,130 basehttp 124 "POST /users/ HTTP/1.1" 403 2829
INFO 2018-07-28 22:13:45,158 basehttp 124 "GET /mobiles/18702529877/count/ HTTP/1.1" 200 34
WARNING 2018-07-28 22:13:45,475 csrf 160 Forbidden (CSRF cookie not set.): /users/
INFO 2018-07-28 22:13:45,486 basehttp 124 "GET /usernames/python/count/ HTTP/1.1" 200 32
INFO 2018-07-28 22:13:45,502 basehttp 124 "GET /mobiles/18702529877/count/ HTTP/1.1" 200 34
WARNING 2018-07-28 22:13:45,502 basehttp 124 "POST /users/ HTTP/1.1" 403 2829
WARNING 2018-07-28 22:13:56,172 csrf 160 Forbidden (CSRF cookie not set.): /users/
INFO 2018-07-28 22:13:56,184 basehttp 124 "GET /usernames/python/count/ HTTP/1.1" 200 32
WARNING 2018-07-28 22:13:56,200 basehttp 124 "POST /users/ HTTP/1.1" 403 2829
INFO 2018-07-28 22:13:56,208 basehttp 124 "GET /mobiles/18702529877/count/ HTTP/1.1" 200 34
WARNING 2018-07-28 22:13:56,924 csrf 160 Forbidden (CSRF cookie not set.): /users/
INFO 2018-07-28 22:13:56,933 basehttp 124 "GET /usernames/python/count/ HTTP/1.1" 200 32
WARNING 2018-07-28 22:13:56,951 basehttp 124 "POST /users/ HTTP/1.1" 403 2829
INFO 2018-07-28 22:13:56,962 basehttp 124 "GET /mobiles/18702529877/count/ HTTP/1.1" 200 34
INFO 2018-07-28 22:13:57,103 basehttp 124 "GET /usernames/python/count/ HTTP/1.1" 200 32
WARNING 2018-07-28 22:13:57,106 csrf 160 Forbidden (CSRF cookie not set.): /users/
INFO 2018-07-28 22:13:57,112 basehttp 124 "GET /mobiles/18702529877/count/ HTTP/1.1" 200 34
WARNING 2018-07-28 22:13:57,127 basehttp 124 "POST /users/ HTTP/1.1" 403 2829
WARNING 2018-07-28 22:13:57,267 csrf 160 Forbidden (CSRF cookie not set.): /users/
INFO 2018-07-28 22:13:57,275 basehttp 124 "GET /usernames/python/count/ HTTP/1.1" 200 32
WARNING 2018-07-28 22:13:57,292 basehttp 124 "POST /users/ HTTP/1.1" 403 2829
INFO 2018-07-28 22:13:57,299 basehttp 124 "GET /mobiles/18702529877/count/ HTTP/1.1" 200 34
WARNING 2018-07-28 22:13:57,415 csrf 160 Forbidden (CSRF cookie not set.): /users/
INFO 2018-07-28 22:13:57,420 basehttp 124 "GET /usernames/python/count/ HTTP/1.1" 200 32
WARNING 2018-07-28 22:13:57,444 basehttp 124 "POST /users/ HTTP/1.1" 403 2829
INFO 2018-07-28 22:13:57,475 basehttp 124 "GET /mobiles/18702529877/count/ HTTP/1.1" 200 34
WARNING 2018-07-28 22:13:57,571 csrf 160 Forbidden (CSRF cookie not set.): /users/
INFO 2018-07-28 22:13:57,577 basehttp 124 "GET /usernames/python/count/ HTTP/1.1" 200 32
INFO 2018-07-28 22:13:57,586 basehttp 124 "GET /mobiles/18702529877/count/ HTTP/1.1" 200 34
WARNING 2018-07-28 22:13:57,589 basehttp 124 "POST /users/ HTTP/1.1" 403 2829
WARNING 2018-07-28 22:15:13,129 csrf 160 Forbidden (CSRF cookie not set.): /users/
INFO 2018-07-28 22:15:13,143 basehttp 124 "GET /usernames/python/count/ HTTP/1.1" 200 32
WARNING 2018-07-28 22:15:13,150 basehttp 124 "POST /users/ HTTP/1.1" 403 2829
INFO 2018-07-28 22:15:13,154 basehttp 124 "GET /mobiles/18702529877/count/ HTTP/1.1" 200 34
WARNING 2018-07-28 22:15:19,952 csrf 160 Forbidden (CSRF cookie not set.): /users/
WARNING 2018-07-28 22:15:19,962 basehttp 124 "POST /users/ HTTP/1.1" 403 2829
INFO 2018-07-28 22:15:19,971 basehttp 124 "GET /usernames/python/count/ HTTP/1.1" 200 32
INFO 2018-07-28 22:15:20,017 basehttp 124 "GET /mobiles/18702529877/count/ HTTP/1.1" 200 34
INFO 2018-07-29 08:33:10,478 basehttp 124 "GET /image_codes/db83449c-47f0-4772-8044-b22363e984a3/ HTTP/1.1" 200 2862
INFO 2018-07-29 08:37:49,326 basehttp 124 "GET /image_codes/522840d2-4a4f-47c2-ac09-6c56fba9acb7/ HTTP/1.1" 200 3129
WARNING 2018-07-29 08:37:56,848 base 152 Not Found: /usernames/python /count/
WARNING 2018-07-29 08:37:56,852 basehttp 124 "GET /usernames/python%20/count/ HTTP/1.1" 404 2914
INFO 2018-07-29 08:38:30,070 basehttp 124 "GET /mobiles/18702529877/count/ HTTP/1.1" 200 34
INFO 2018-07-29 08:38:36,525 basehttp 124 "GET /mobiles/18702529877/count/ HTTP/1.1" 200 34
INFO 2018-07-29 08:38:36,714 basehttp 124 "GET /sms_codes/18702529877/?image_code=a59y&image_code_id=522840d2-4a4f-47c2-ac09-6c56fba9acb7 HTTP/1.1" 200 16
WARNING 2018-07-29 08:39:04,820 base 152 Not Found: /usernames/python /count/
WARNING 2018-07-29 08:39:04,835 basehttp 124 "GET /usernames/python%20/count/ HTTP/1.1" 404 2914
INFO 2018-07-29 08:39:04,838 basehttp 124 "GET /mobiles/18702529877/count/ HTTP/1.1" 200 34
INFO 2018-07-29 08:39:04,841 basehttp 124 "OPTIONS /users/ HTTP/1.1" 200 0
WARNING 2018-07-29 08:39:04,888 basehttp 124 "POST /users/ HTTP/1.1" 400 35
WARNING 2018-07-29 08:42:15,664 base 152 Not Found: /usernames/python /count/
WARNING 2018-07-29 08:42:15,672 basehttp 124 "GET /usernames/python%20/count/ HTTP/1.1" 404 2914
INFO 2018-07-29 08:42:15,681 basehttp 124 "GET /mobiles/18702529877/count/ HTTP/1.1" 200 34
WARNING 2018-07-29 08:42:15,696 basehttp 124 "POST /users/ HTTP/1.1" 400 35
WARNING 2018-07-29 08:42:25,125 basehttp 124 "GET /users/ HTTP/1.1" 405 8572
INFO 2018-07-29 08:43:04,060 basehttp 124 "GET /image_codes/5e07c6f2-6328-40b9-a6bc-edd62e94e269/ HTTP/1.1" 200 3073
INFO 2018-07-29 08:43:09,439 basehttp 124 "GET /usernames/python/count/ HTTP/1.1" 200 32
INFO 2018-07-29 08:43:27,552 basehttp 124 "GET /mobiles/18702529877/count/ HTTP/1.1" 200 34
INFO 2018-07-29 08:43:35,087 basehttp 124 "GET /mobiles/18702529877/count/ HTTP/1.1" 200 34
INFO 2018-07-29 08:43:35,098 basehttp 124 "GET /sms_codes/18702529877/?image_code=nptv&image_code_id=5e07c6f2-6328-40b9-a6bc-edd62e94e269 HTTP/1.1" 200 16
INFO 2018-07-29 08:43:48,974 basehttp 124 "GET /usernames/python/count/ HTTP/1.1" 200 32
INFO 2018-07-29 08:43:48,987 basehttp 124 "GET /mobiles/18702529877/count/ HTTP/1.1" 200 34
WARNING 2018-07-29 08:43:49,013 basehttp 124 "POST /users/ HTTP/1.1" 400 35
INFO 2018-07-29 08:44:31,293 basehttp 124 "GET /image_codes/2f2f705b-d5c2-449f-810d-33f84f3e0865/ HTTP/1.1" 200 3872
INFO 2018-07-29 08:44:40,524 basehttp 124 "GET /usernames/python/count/ HTTP/1.1" 200 32
INFO 2018-07-29 08:44:40,527 basehttp 124 "GET /mobiles/18702529877/count/ HTTP/1.1" 200 34
WARNING 2018-07-29 08:44:40,548 basehttp 124 "POST /users/ HTTP/1.1" 400 35
INFO 2018-07-29 08:45:06,830 basehttp 124 "GET /image_codes/5a2d3bf7-22db-46aa-9fe5-a9b9457912fc/ HTTP/1.1" 200 2940
INFO 2018-07-29 08:45:18,950 basehttp 124 "GET /usernames/python/count/ HTTP/1.1" 200 32
INFO 2018-07-29 08:45:18,956 basehttp 124 "GET /mobiles/18702529877/count/ HTTP/1.1" 200 34
WARNING 2018-07-29 08:45:18,991 basehttp 124 "POST /users/ HTTP/1.1" 400 35
WARNING 2018-07-29 08:51:52,514 basehttp 124 "GET /sms_codes/18702529877/?image_code=Hihq&image_code_id=5a2d3bf7-22db-46aa-9fe5-a9b9457912fc HTTP/1.1" 400 40
INFO 2018-07-29 08:51:52,521 basehttp 124 "GET /mobiles/18702529877/count/ HTTP/1.1" 200 34
INFO 2018-07-29 08:51:56,605 basehttp 124 "GET /image_codes/bb3b2440-a254-4ddb-8922-9bed51101159/ HTTP/1.1" 200 3058
INFO 2018-07-29 08:52:00,828 basehttp 124 "GET /image_codes/99c78c22-7f68-4a76-ae2c-adc159356bc1/ HTTP/1.1" 200 3108
INFO 2018-07-29 08:52:01,198 basehttp 124 "GET /image_codes/f3ea2803-b2fd-4146-98e1-1e0b17e6bb85/ HTTP/1.1" 200 3361
INFO 2018-07-29 08:52:08,347 basehttp 124 "OPTIONS /users/ HTTP/1.1" 200 0
INFO 2018-07-29 08:52:08,357 basehttp 124 "GET /usernames/python/count/ HTTP/1.1" 200 32
INFO 2018-07-29 08:52:08,378 basehttp 124 "GET /mobiles/18702529877/count/ HTTP/1.1" 200 34
INFO 2018-07-29 08:52:08,525 basehttp 124 "POST /users/ HTTP/1.1" 201 142
INFO 2018-07-29 09:40:56,323 basehttp 124 "GET /image_codes/70b27d27-4e77-4751-a5b5-d8a62eb39211/ HTTP/1.1" 200 3533
INFO 2018-07-29 09:41:03,668 basehttp 124 "GET /usernames/1234567/count/ HTTP/1.1" 200 33
INFO 2018-07-29 09:41:06,713 basehttp 124 "GET /usernames/12345678/count/ HTTP/1.1" 200 34
INFO 2018-07-29 09:41:20,019 basehttp 124 "GET /mobiles/12345678901/count/ HTTP/1.1" 200 34
INFO 2018-07-29 09:41:27,647 basehttp 124 "GET /mobiles/12345678901/count/ HTTP/1.1" 200 34
INFO 2018-07-29 09:41:27,693 basehttp 124 "GET /sms_codes/12345678901/?image_code=ostm&image_code_id=70b27d27-4e77-4751-a5b5-d8a62eb39211 HTTP/1.1" 200 16
INFO 2018-07-29 09:41:39,740 basehttp 124 "GET /mobiles/12345678901/count/ HTTP/1.1" 200 34
INFO 2018-07-29 09:41:39,743 basehttp 124 "GET /usernames/12345678/count/ HTTP/1.1" 200 34
INFO 2018-07-29 09:41:46,810 basehttp 124 "OPTIONS /users/ HTTP/1.1" 200 0
INFO 2018-07-29 09:41:46,857 basehttp 124 "GET /usernames/12345678/count/ HTTP/1.1" 200 34
INFO 2018-07-29 09:41:46,870 basehttp 124 "GET /mobiles/12345678901/count/ HTTP/1.1" 200 34
INFO 2018-07-29 09:41:46,948 basehttp 124 "POST /users/ HTTP/1.1" 201 144
INFO 2018-07-29 09:47:59,170 basehttp 124 "GET /image_codes/4b0518f0-26ee-40d3-86d7-77dece726c95/ HTTP/1.1" 200 3155
INFO 2018-07-29 09:48:02,920 basehttp 124 "GET /usernames/qwqwert/count/ HTTP/1.1" 200 33
INFO 2018-07-29 09:48:13,868 basehttp 124 "GET /mobiles/12345678907/count/ HTTP/1.1" 200 34
INFO 2018-07-29 09:48:20,485 basehttp 124 "GET /mobiles/12345678907/count/ HTTP/1.1" 200 34
INFO 2018-07-29 09:48:20,488 basehttp 124 "GET /sms_codes/12345678907/?image_code=muet&image_code_id=4b0518f0-26ee-40d3-86d7-77dece726c95 HTTP/1.1" 200 16
INFO 2018-07-29 09:48:40,783 basehttp 124 "GET /usernames/qwqwert/count/ HTTP/1.1" 200 33
INFO 2018-07-29 09:48:40,797 basehttp 124 "GET /mobiles/12345678907/count/ HTTP/1.1" 200 34
INFO 2018-07-29 09:48:40,850 basehttp 124 "POST /users/ HTTP/1.1" 201 143
INFO 2018-07-29 09:50:34,668 basehttp 124 "GET /image_codes/27ac5661-a01a-45f7-a2fd-f2bf28dcf488/ HTTP/1.1" 200 3188
INFO 2018-07-29 09:50:45,299 basehttp 124 "GET /usernames/estrdyk/count/ HTTP/1.1" 200 33
INFO 2018-07-29 09:51:04,047 basehttp 124 "GET /mobiles/12345678999/count/ HTTP/1.1" 200 34
INFO 2018-07-29 09:51:05,730 basehttp 124 "GET /image_codes/2ce0d6f0-8543-4053-a4c8-3d383a966286/ HTTP/1.1" 200 3041
INFO 2018-07-29 09:51:12,381 basehttp 124 "GET /mobiles/12345678999/count/ HTTP/1.1" 200 34
INFO 2018-07-29 09:51:12,436 basehttp 124 "GET /sms_codes/12345678999/?image_code=7a64&image_code_id=2ce0d6f0-8543-4053-a4c8-3d383a966286 HTTP/1.1" 200 16
INFO 2018-07-29 09:51:26,232 basehttp 124 "GET /usernames/estrdyk/count/ HTTP/1.1" 200 33
INFO 2018-07-29 09:51:26,239 basehttp 124 "GET /mobiles/12345678999/count/ HTTP/1.1" 200 34
INFO 2018-07-29 09:51:26,363 basehttp 124 "POST /users/ HTTP/1.1" 201 143
INFO 2018-07-29 09:55:12,653 basehttp 124 "GET /image_codes/06b98bf7-d826-4532-a7a1-da843dd3bd1c/ HTTP/1.1" 200 3257
INFO 2018-07-29 09:55:20,820 basehttp 124 "GET /usernames/1234567/count/ HTTP/1.1" 200 33
INFO 2018-07-29 09:55:29,927 basehttp 124 "GET /mobiles/12345678900/count/ HTTP/1.1" 200 34
INFO 2018-07-29 09:55:42,347 basehttp 124 "GET /mobiles/12345678900/count/ HTTP/1.1" 200 34
INFO 2018-07-29 09:55:42,377 basehttp 124 "GET /sms_codes/12345678900/?image_code=tfno&image_code_id=06b98bf7-d826-4532-a7a1-da843dd3bd1c HTTP/1.1" 200 16
INFO 2018-07-29 09:55:46,057 basehttp 124 "GET /image_codes/429c1578-d29e-4221-9c4f-2efc4ce5e50b/ HTTP/1.1" 200 3168
INFO 2018-07-29 09:56:45,309 basehttp 124 "GET /mobiles/12345678901/count/ HTTP/1.1" 200 34
INFO 2018-07-29 09:56:49,275 basehttp 124 "GET /mobiles/12345678908/count/ HTTP/1.1" 200 34
INFO 2018-07-29 09:56:50,510 basehttp 124 "GET /image_codes/b8fafdfa-6a8b-414b-9d78-f16db6b08fc6/ HTTP/1.1" 200 3058
INFO 2018-07-29 09:56:53,426 basehttp 124 "GET /image_codes/7517351f-dd16-4763-98ce-8ffc00cb0fde/ HTTP/1.1" 200 3140
INFO 2018-07-29 09:57:05,026 basehttp 124 "GET /mobiles/12345678908/count/ HTTP/1.1" 200 34
INFO 2018-07-29 09:57:13,459 basehttp 124 "GET /usernames/123456783456y7/count/ HTTP/1.1" 200 40
INFO 2018-07-29 09:57:22,856 basehttp 124 "OPTIONS /users/ HTTP/1.1" 200 0
INFO 2018-07-29 09:57:22,865 basehttp 124 "GET /usernames/123456783456y7/count/ HTTP/1.1" 200 40
INFO 2018-07-29 09:57:22,914 basehttp 124 "GET /mobiles/12345678908/count/ HTTP/1.1" 200 34
WARNING 2018-07-29 09:57:22,991 basehttp 124 "POST /users/ HTTP/1.1" 400 49
INFO 2018-07-29 09:57:38,596 basehttp 124 "GET /mobiles/12345678908/count/ HTTP/1.1" 200 34
INFO 2018-07-29 09:57:38,610 basehttp 124 "GET /sms_codes/12345678908/?image_code=5sdu&image_code_id=7517351f-dd16-4763-98ce-8ffc00cb0fde HTTP/1.1" 200 16
INFO 2018-07-29 09:58:02,066 basehttp 124 "GET /usernames/123456783456y7/count/ HTTP/1.1" 200 40
INFO 2018-07-29 09:58:02,069 basehttp 124 "GET /mobiles/12345678908/count/ HTTP/1.1" 200 34
INFO 2018-07-29 09:58:02,250 basehttp 124 "POST /users/ HTTP/1.1" 201 150
INFO 2018-07-29 10:03:13,011 basehttp 124 "GET /image_codes/a55ad356-14bc-4a20-8553-552d132c0484/ HTTP/1.1" 200 3239
INFO 2018-07-29 10:03:17,245 basehttp 124 "GET /usernames/nihaoahahha/count/ HTTP/1.1" 200 37
INFO 2018-07-29 10:03:27,383 basehttp 124 "GET /mobiles/13811111111/count/ HTTP/1.1" 200 34
INFO 2018-07-29 10:03:39,427 basehttp 124 "GET /mobiles/13811111111/count/ HTTP/1.1" 200 34
INFO 2018-07-29 10:03:39,481 basehttp 124 "GET /sms_codes/13811111111/?image_code=7wjm&image_code_id=a55ad356-14bc-4a20-8553-552d132c0484 HTTP/1.1" 200 16
INFO 2018-07-29 10:03:58,356 basehttp 124 "OPTIONS /users/ HTTP/1.1" 200 0
INFO 2018-07-29 10:03:58,380 basehttp 124 "GET /usernames/nihaoahahha/count/ HTTP/1.1" 200 37
ERROR 2018-07-29 10:03:58,399 exception 135 Internal Server Error: /users/
Traceback (most recent call last):
  File "/home/python/.virtualenvs/py3_Django/lib/python3.5/site-packages/django/core/handlers/exception.py", line 41, in inner
    response = get_response(request)
  File "/home/python/.virtualenvs/py3_Django/lib/python3.5/site-packages/django/core/handlers/base.py", line 187, in _get_response
    response = self.process_exception_by_middleware(e, request)
  File "/home/python/.virtualenvs/py3_Django/lib/python3.5/site-packages/django/core/handlers/base.py", line 185, in _get_response
    response = wrapped_callback(request, *callback_args, **callback_kwargs)
  File "/home/python/.virtualenvs/py3_Django/lib/python3.5/site-packages/django/views/decorators/csrf.py", line 58, in wrapped_view
    return view_func(*args, **kwargs)
  File "/home/python/.virtualenvs/py3_Django/lib/python3.5/site-packages/django/views/generic/base.py", line 68, in view
    return self.dispatch(request, *args, **kwargs)
  File "/home/python/.virtualenvs/py3_Django/lib/python3.5/site-packages/rest_framework/views.py", line 483, in dispatch
    response = self.handle_exception(exc)
  File "/home/python/.virtualenvs/py3_Django/lib/python3.5/site-packages/rest_framework/views.py", line 443, in handle_exception
    self.raise_uncaught_exception(exc)
  File "/home/python/.virtualenvs/py3_Django/lib/python3.5/site-packages/rest_framework/views.py", line 480, in dispatch
    response = handler(request, *args, **kwargs)
  File "/home/python/.virtualenvs/py3_Django/lib/python3.5/site-packages/rest_framework/generics.py", line 192, in post
    return self.create(request, *args, **kwargs)
  File "/home/python/.virtualenvs/py3_Django/lib/python3.5/site-packages/rest_framework/mixins.py", line 20, in create
    serializer.is_valid(raise_exception=True)
  File "/home/python/.virtualenvs/py3_Django/lib/python3.5/site-packages/rest_framework/serializers.py", line 236, in is_valid
    self._validated_data = self.run_validation(self.initial_data)
  File "/home/python/.virtualenvs/py3_Django/lib/python3.5/site-packages/rest_framework/serializers.py", line 434, in run_validation
    value = self.to_internal_value(data)
  File "/home/python/.virtualenvs/py3_Django/lib/python3.5/site-packages/rest_framework/serializers.py", line 482, in to_internal_value
    fields = self._writable_fields
  File "/home/python/.virtualenvs/py3_Django/lib/python3.5/site-packages/django/utils/functional.py", line 35, in __get__
    res = instance.__dict__[self.name] = self.func(instance)
  File "/home/python/.virtualenvs/py3_Django/lib/python3.5/site-packages/rest_framework/serializers.py", line 370, in _writable_fields
    field for field in self.fields.values() if not field.read_only
  File "/home/python/.virtualenvs/py3_Django/lib/python3.5/site-packages/rest_framework/serializers.py", line 363, in fields
    for key, value in self.get_fields().items():
  File "/home/python/.virtualenvs/py3_Django/lib/python3.5/site-packages/rest_framework/serializers.py", line 1045, in get_fields
    source, info, model, depth
  File "/home/python/.virtualenvs/py3_Django/lib/python3.5/site-packages/rest_framework/serializers.py", line 1190, in build_field
    return self.build_unknown_field(field_name, model_class)
  File "/home/python/.virtualenvs/py3_Django/lib/python3.5/site-packages/rest_framework/serializers.py", line 1302, in build_unknown_field
    (field_name, model_class.__name__)
django.core.exceptions.ImproperlyConfigured: Field name `token` is not valid for model `User`.
INFO 2018-07-29 10:03:58,407 basehttp 124 "GET /mobiles/13811111111/count/ HTTP/1.1" 200 34
ERROR 2018-07-29 10:03:58,593 basehttp 124 "POST /users/ HTTP/1.1" 500 21349
INFO 2018-07-29 10:06:11,744 basehttp 124 "GET /usernames/nihaoahahha/count/ HTTP/1.1" 200 37
INFO 2018-07-29 10:06:11,749 basehttp 124 "GET /mobiles/13811111111/count/ HTTP/1.1" 200 34
WARNING 2018-07-29 10:06:11,766 basehttp 124 "POST /users/ HTTP/1.1" 400 38
INFO 2018-07-29 10:06:42,168 basehttp 124 "GET /mobiles/13811111111/count/ HTTP/1.1" 200 34
INFO 2018-07-29 10:06:42,203 basehttp 124 "GET /usernames/nihaoahahha/count/ HTTP/1.1" 200 37
INFO 2018-07-29 10:06:42,354 basehttp 124 "POST /users/ HTTP/1.1" 201 327
INFO 2018-07-29 11:38:24,190 basehttp 124 "OPTIONS /authorizations/ HTTP/1.1" 200 0
INFO 2018-07-29 11:38:24,270 basehttp 124 "POST /authorizations/ HTTP/1.1" 200 207
INFO 2018-07-29 11:38:39,870 basehttp 124 "POST /authorizations/ HTTP/1.1" 200 207
INFO 2018-07-29 11:39:20,982 basehttp 124 "POST /authorizations/ HTTP/1.1" 200 207
INFO 2018-07-29 11:39:21,282 basehttp 124 "POST /authorizations/ HTTP/1.1" 200 207
INFO 2018-07-29 11:40:03,316 basehttp 124 "POST /authorizations/ HTTP/1.1" 200 207
INFO 2018-07-29 11:42:30,739 basehttp 124 "POST /authorizations/ HTTP/1.1" 200 207
